2025-05-16 11:50:23,898 [INFO] Admin 5101525651 set password
2025-05-16 11:50:30,992 [INFO] Admin 5101525651 viewed users list
2025-05-16 11:50:37,507 [INFO] Admin 5101525651 viewed profile of user 5101525651
2025-05-16 11:50:48,876 [INFO] Admin 5101525651 deleted user 5101525651
2025-05-16 11:51:56,796 [INFO] Admin 5101525651 returned to users list
2025-05-16 11:57:35,142 [INFO] Admin 5101525651 logged in
2025-05-16 11:57:37,594 [INFO] Admin 5101525651 viewed users list
2025-05-16 11:57:39,126 [INFO] Admin 5101525651 viewed profile of user 5101525651
2025-05-16 11:57:40,813 [INFO] Admin 5101525651 returned to users list
2025-05-16 11:57:46,219 [INFO] Admin 5101525651 returned to main menu
2025-05-16 11:57:51,044 [INFO] Admin 5101525651 viewed finance summary
2025-05-16 11:58:04,364 [INFO] Admin 5101525651 started broadcast
2025-05-16 11:58:29,986 [INFO] Admin 5101525651 started broadcast
2025-05-16 11:58:34,574 [INFO] Admin 5101525651 sent broadcast: 1 success, 0 failed
2025-05-16 13:38:58,519 [INFO] Admin 5101525651 set password
2025-05-16 13:39:00,359 [INFO] Admin 5101525651 viewed users list
2025-05-16 13:39:02,122 [INFO] Admin 5101525651 viewed profile of user 7108224735
2025-05-16 13:39:03,805 [INFO] Admin 5101525651 deleted user 7108224735
2025-05-16 13:53:23,336 [INFO] Admin 5101525651 logged in
2025-05-16 13:53:25,325 [INFO] Admin 5101525651 viewed users list
2025-05-16 13:53:26,830 [INFO] Admin 5101525651 viewed profile of user 7108224735
2025-05-16 13:53:29,653 [INFO] Admin 5101525651 returned to users list
2025-05-16 13:53:31,031 [INFO] Admin 5101525651 viewed profile of user 5101525651
2025-05-16 13:54:22,497 [INFO] Admin 5101525651 returned to users list
2025-05-16 13:54:24,528 [INFO] Admin 5101525651 returned to main menu
2025-05-16 13:58:55,718 [INFO] Admin 5101525651 logged in
2025-05-16 14:06:13,694 [INFO] Admin 5101525651 logged in
2025-05-16 14:06:15,276 [INFO] Admin 5101525651 viewed keys list
2025-05-16 14:09:28,574 [INFO] Admin 5101525651 logged in
2025-05-16 14:09:30,092 [INFO] Admin 5101525651 viewed keys list
2025-05-16 14:09:31,543 [INFO] Admin 5101525651 viewed key 1
2025-05-16 14:11:37,982 [INFO] Admin 5101525651 logged in
2025-05-16 14:11:39,138 [INFO] Admin 5101525651 viewed keys list
2025-05-16 14:11:42,048 [INFO] Admin 5101525651 viewed key 1
2025-05-16 14:11:46,027 [INFO] Admin 5101525651 viewed history of key 1
2025-05-16 14:12:05,202 [INFO] Admin 5101525651 viewed finance summary
2025-05-16 14:15:51,670 [INFO] Admin 5101525651 logged in
2025-05-16 14:15:53,232 [INFO] Admin 5101525651 viewed finance summary
2025-05-16 14:24:52,769 [INFO] Admin 5101525651 logged in
2025-05-16 14:24:54,444 [INFO] Admin 5101525651 viewed finance summary
2025-05-16 14:25:02,390 [INFO] Admin 5101525651 viewed admins list
2025-05-16 14:25:05,531 [INFO] Admin 5101525651 started adding new admin
2025-05-16 14:25:12,856 [INFO] Admin 5101525651 viewed users list
2025-05-16 14:25:14,919 [INFO] Admin 5101525651 viewed profile of user 7108224735
2025-05-16 14:25:20,064 [INFO] Admin 5101525651 viewed admins list
2025-05-16 14:25:21,950 [INFO] Admin 5101525651 started adding new admin
2025-05-16 14:32:43,303 [INFO] Admin 5101525651 logged in
2025-05-16 14:32:45,249 [INFO] Admin 5101525651 viewed admins list
2025-05-16 14:33:01,994 [INFO] Admin 5101525651 started adding new admin
2025-05-16 14:33:15,705 [ERROR] Admin 5101525651 failed to add admin 7108224735
2025-05-16 14:37:48,236 [INFO] Admin 5101525651 logged in
2025-05-16 14:39:44,664 [INFO] Admin 5101525651 logged in
2025-05-16 14:39:46,510 [INFO] Admin 5101525651 viewed admins list
2025-05-16 14:39:48,291 [INFO] Admin 5101525651 started adding new admin
2025-05-16 14:39:58,571 [ERROR] Admin 5101525651 failed to add admin 7108224735
2025-05-16 14:41:30,173 [INFO] Admin 5101525651 logged in
2025-05-16 14:41:32,097 [INFO] Admin 5101525651 viewed admins list
2025-05-16 14:41:33,444 [INFO] Admin 5101525651 started adding new admin
2025-05-16 14:41:38,519 [ERROR] Admin 5101525651 failed to add admin 7108224735
2025-05-16 14:48:46,020 [INFO] Admin 5101525651 logged in
2025-05-16 14:48:49,937 [INFO] Admin 5101525651 viewed admins list
2025-05-16 14:48:52,409 [INFO] Admin 5101525651 started adding new admin
2025-05-16 14:49:00,084 [INFO] Admin 5101525651 added admin 7108224735
2025-05-16 14:49:17,564 [INFO] Admin 7108224735 set password
2025-05-16 14:49:19,625 [INFO] Admin 7108224735 viewed admins list
2025-05-16 14:49:26,655 [ERROR] Admin 5101525651 failed to remove admin 7108224735
2025-05-16 15:03:42,033 [INFO] Admin 5101525651 logged in
2025-05-16 15:03:43,619 [INFO] Admin 5101525651 viewed users list
2025-05-16 15:03:45,645 [INFO] Admin 5101525651 viewed profile of user 7108224735
2025-05-16 15:03:51,186 [INFO] Admin 5101525651 returned to users list
2025-05-16 15:03:54,905 [INFO] Admin 5101525651 viewed admins list
2025-05-16 15:03:56,324 [INFO] Admin 5101525651 started adding new admin
2025-05-16 15:04:00,760 [INFO] Admin 5101525651 added admin 7108224735
2025-05-16 15:04:03,406 [INFO] Admin 5101525651 removed admin 7108224735
2025-05-16 15:04:13,816 [INFO] Admin 5101525651 viewed users list
2025-05-16 15:04:15,768 [INFO] Admin 5101525651 viewed profile of user 7108224735
2025-05-16 15:04:17,330 [INFO] Admin 5101525651 blocked user 7108224735
2025-05-16 15:04:45,926 [INFO] Admin 5101525651 viewed users list
2025-05-16 15:04:47,524 [INFO] Admin 5101525651 viewed profile of user 7108224735
2025-05-16 15:04:49,754 [INFO] Admin 5101525651 blocked user 7108224735
2025-05-16 15:29:40,179 [INFO] Admin 5101525651 logged in
2025-05-16 15:29:42,762 [INFO] Admin 5101525651 viewed users list
2025-05-16 15:29:49,087 [INFO] Admin 5101525651 viewed profile of user 7108224735
2025-05-16 15:29:52,730 [INFO] Admin 5101525651 blocked user 7108224735
2025-05-16 15:29:59,694 [INFO] Admin 5101525651 viewed profile of user 7108224735
2025-05-16 15:30:01,356 [INFO] Admin 5101525651 returned to users list
2025-05-16 15:51:40,158 [INFO] Admin 5101525651 logged in
2025-05-16 15:51:42,152 [INFO] Admin 5101525651 viewed users list
2025-05-16 15:51:43,770 [INFO] Admin 5101525651 viewed profile of user 7108224735
2025-05-16 15:51:45,611 [INFO] Admin 5101525651 unblocked user 7108224735
2025-05-18 12:28:38,930 [INFO] Admin 5101525651 set password
2025-05-18 12:31:16,088 [INFO] Admin 5101525651 logged in
2025-05-18 12:31:19,316 [INFO] Admin 5101525651 viewed users list
2025-05-18 12:31:24,100 [INFO] Admin 5101525651 returned to main menu
2025-05-18 12:31:47,306 [INFO] Admin 5101525651 logged in
2025-05-18 12:31:48,607 [INFO] Admin 5101525651 viewed users list
2025-05-18 12:31:57,758 [INFO] Admin 5101525651 searched users with query 'djjjaaaa'
2025-05-18 12:32:00,040 [INFO] Admin 5101525651 viewed profile of user 7108224735
2025-05-18 12:32:06,188 [INFO] Admin 5101525651 returned to users list
2025-05-18 12:32:08,070 [INFO] Admin 5101525651 returned to main menu
2025-05-18 12:32:31,927 [INFO] Admin 5101525651 searched users with query '7108224735'
2025-05-18 12:32:34,163 [INFO] Admin 5101525651 returned to main menu
2025-05-18 12:32:36,883 [INFO] Admin 5101525651 viewed users list
2025-05-18 12:32:44,840 [INFO] Admin 5101525651 searched users with query 'djjjaaaa'
2025-05-18 12:32:46,186 [INFO] Admin 5101525651 viewed profile of user 7108224735
2025-05-18 12:32:53,680 [INFO] Admin 5101525651 added balance 100.0 to user 7108224735
2025-05-18 12:33:13,189 [INFO] Admin 5101525651 logged in
2025-05-18 12:33:14,479 [INFO] Admin 5101525651 viewed users list
2025-05-18 12:33:16,091 [INFO] Admin 5101525651 viewed profile of user 7108224735
2025-05-18 12:33:17,554 [INFO] Admin 5101525651 blocked user 7108224735
2025-05-18 12:33:23,697 [INFO] Admin 5101525651 unblocked user 7108224735
2025-05-18 12:33:26,311 [INFO] Admin 5101525651 viewed admins list
2025-05-18 12:33:27,761 [INFO] Admin 5101525651 started adding new admin
2025-05-18 12:33:39,897 [INFO] Admin 5101525651 added admin 7108224735
2025-05-18 12:33:45,406 [INFO] Admin 5101525651 returned to main menu
2025-05-18 12:33:47,073 [INFO] Admin 5101525651 viewed users list
2025-05-18 12:33:48,665 [INFO] Admin 5101525651 viewed profile of user 7108224735
2025-05-18 12:33:50,280 [INFO] Admin 5101525651 blocked user 7108224735
2025-05-18 12:33:55,464 [INFO] Admin 5101525651 unblocked user 7108224735
2025-05-18 12:34:12,915 [ERROR] Admin 5101525651 failed to create promocode New
2025-05-18 12:37:03,691 [INFO] Admin 5101525651 logged in
2025-05-18 12:37:18,005 [ERROR] Admin 5101525651 failed to create promocode 123
2025-05-18 12:41:28,349 [INFO] Admin 5101525651 logged in
2025-05-18 12:42:00,983 [INFO] Admin 5101525651 created promocode 123 with type balance_100
2025-05-18 12:42:03,527 [INFO] Admin 5101525651 viewed promocode 123
2025-05-18 12:56:57,823 [INFO] Admin 5101525651 logged in
2025-05-18 12:57:00,118 [INFO] Admin 5101525651 viewed promocodes list
2025-05-18 12:57:02,188 [INFO] Admin 5101525651 viewed promocode 123
2025-05-18 12:57:06,319 [INFO] Admin 5101525651 deactivated promocode 123
2025-05-18 12:57:23,540 [INFO] Admin 5101525651 created promocode 234 with type device
2025-05-18 12:57:25,746 [INFO] Admin 5101525651 viewed promocode 123
2025-05-18 12:57:28,503 [INFO] Admin 5101525651 viewed promocode 234
2025-05-18 12:57:31,076 [INFO] Admin 5101525651 deactivated promocode 234
2025-05-18 12:57:34,573 [INFO] Admin 5101525651 viewed promocode 234
2025-05-18 12:57:54,111 [ERROR] Admin 5101525651 failed to create promocode 234
2025-05-18 13:04:43,420 [INFO] Admin 5101525651 logged in
2025-05-18 13:04:44,362 [INFO] Admin 5101525651 viewed promocodes list
2025-05-18 13:04:56,958 [ERROR] Admin 5101525651 failed to create promocode 234: Промокод с кодом '234' уже существует
2025-05-18 13:06:47,304 [INFO] Admin 5101525651 logged in
2025-05-18 13:06:48,879 [INFO] Admin 5101525651 viewed promocodes list
2025-05-18 13:09:32,641 [INFO] Admin 5101525651 logged in
2025-05-18 13:09:34,406 [INFO] Admin 5101525651 viewed promocodes list
2025-05-18 13:09:48,531 [ERROR] Admin 5101525651 failed to create promocode 1234: Invalid promocode type
2025-05-18 13:26:22,704 [INFO] Admin 5101525651 logged in
2025-05-18 13:26:24,032 [INFO] Admin 5101525651 viewed promocodes list
2025-05-18 13:26:38,656 [INFO] Admin 5101525651 created promocode 1234 with type device_promo
2025-05-18 13:35:42,991 [INFO] Admin 5101525651 logged in
2025-05-18 13:35:44,048 [INFO] Admin 5101525651 viewed promocodes list
2025-05-18 13:35:45,850 [INFO] Admin 5101525651 viewed promocode 1234
2025-05-18 13:36:04,312 [INFO] Admin 5101525651 created promocode Qwerty with type device_promo
2025-05-18 13:40:20,653 [INFO] Admin 5101525651 set password
2025-05-18 13:40:38,725 [INFO] Admin 5101525651 created promocode Qwerty with type device_promo
2025-05-18 13:55:35,897 [INFO] Admin 5101525651 set password
2025-05-18 13:55:49,657 [INFO] Admin 5101525651 created promocode Qwerty with type device_promo
2025-05-18 13:59:35,145 [INFO] Admin 5101525651 logged in
2025-05-18 13:59:36,948 [INFO] Admin 5101525651 viewed promocodes list
2025-05-18 14:00:04,341 [INFO] Admin 5101525651 created promocode Qwer with type combo_5
2025-05-18 14:00:07,138 [INFO] Admin 5101525651 viewed promocode Qwerty
2025-05-18 14:00:10,095 [INFO] Admin 5101525651 returned to main menu
